#
# There is insufficient memory for the Java Runtime Environment to continue.
# Native memory allocation (mmap) failed to map 65536 bytes for Failed to commit metaspace.
# Possible reasons:
#   The system is out of physical RAM or swap space
#   The process is running with CompressedOops enabled, and the Java Heap may be blocking the growth of the native heap
# Possible solutions:
#   Reduce memory load on the system
#   Increase physical memory or swap space
#   Check if swap backing store is full
#   Decrease Java heap size (-Xmx/-Xms)
#   Decrease number of Java threads
#   Decrease Java thread stack sizes (-Xss)
#   Set larger code cache with -XX:ReservedCodeCacheSize=
#   JVM is running with Zero Based Compressed Oops mode in which the Java heap is
#     placed in the first 32GB address space. The Java Heap base address is the
#     maximum limit for the native heap growth. Please use -XX:HeapBaseMinAddress
#     to set the Java Heap base and to place the Java Heap above 32GB virtual address.
# This output file may be truncated or incomplete.
#
#  Out of Memory Error (virtualSpaceNode.cpp:110), pid=22860, tid=12488
#
# JRE version: Java(TM) SE Runtime Environment (19.0.2+7) (build 19.0.2+7-44)
# Java VM: Java HotSpot(TM) 64-Bit Server VM (19.0.2+7-44, mixed mode, sharing, tiered, compressed oops, compressed class ptrs, g1 gc, windows-amd64)
# No core dump will be written. Minidumps are not enabled by default on client versions of Windows
#

---------------  S U M M A R Y ------------

Command Line: -Dfile.encoding=UTF-8 -Dstdout.encoding=UTF-8 -Dstderr.encoding=UTF-8 -XX:+ShowCodeDetailsInExceptionMessages run.run

Host: 12th Gen Intel(R) Core(TM) i7-1260P, 16 cores, 15G,  Windows 11 , 64 bit Build 22621 (10.0.22621.3527)
Time: Tue May 28 22:46:24 2024 SE Asia Standard Time elapsed time: 0.130542 seconds (0d 0h 0m 0s)

---------------  T H R E A D  ---------------

Current thread (0x0000024b28a06880):  JavaThread "AWT-EventQueue-0" [_thread_in_vm, id=12488, stack(0x0000008d59e00000,0x0000008d59f00000)]

Stack: [0x0000008d59e00000,0x0000008d59f00000]
Native frames: (J=compiled Java code, j=interpreted, Vv=VM code, C=native code)
V  [jvm.dll+0x6ee21a]
V  [jvm.dll+0x85765e]
V  [jvm.dll+0x85904e]
V  [jvm.dll+0x859703]
V  [jvm.dll+0x28298f]
V  [jvm.dll+0x8532db]
V  [jvm.dll+0x692cb6]
V  [jvm.dll+0x692d1a]
V  [jvm.dll+0x695613]
V  [jvm.dll+0x6954de]
V  [jvm.dll+0x6936de]
V  [jvm.dll+0x2801cc]
V  [jvm.dll+0x7432cd]
V  [jvm.dll+0x743ccf]
V  [jvm.dll+0x3c999e]
V  [jvm.dll+0x3c8b14]
V  [jvm.dll+0x3c8ab8]
V  [jvm.dll+0x5cf569]
V  [jvm.dll+0x5ce464]
V  [jvm.dll+0x3ddda7]
V  [jvm.dll+0x3dd3ff]
C  0x0000024b1410c1b7

Java frames: (J=compiled Java code, j=interpreted, Vv=VM code)
j  javax.swing.JFrame.frameInit()V+8 java.desktop@19.0.2
j  javax.swing.JFrame.<init>()V+20 java.desktop@19.0.2
j  view.loadingView.<init>()V+1
j  run.run$1.run()V+3
j  java.awt.event.InvocationEvent.dispatch()V+47 java.desktop@19.0.2
j  java.awt.EventQueue.dispatchEventImpl(Ljava/awt/AWTEvent;Ljava/lang/Object;)V+21 java.desktop@19.0.2
j  java.awt.EventQueue$4.run()Ljava/lang/Void;+32 java.desktop@19.0.2
j  java.awt.EventQueue$4.run()Ljava/lang/Object;+1 java.desktop@19.0.2
j  java.security.AccessController.executePrivileged(Ljava/security/PrivilegedAction;Ljava/security/AccessControlContext;Ljava/lang/Class;)Ljava/lang/Object;+29 java.base@19.0.2
j  java.security.AccessController.doPrivileged(Ljava/security/PrivilegedAction;Ljava/security/AccessControlContext;)Ljava/lang/Object;+13 java.base@19.0.2
j  java.security.ProtectionDomain$JavaSecurityAccessImpl.doIntersectionPrivilege(Ljava/security/PrivilegedAction;Ljava/security/AccessControlContext;Ljava/security/AccessControlContext;)Ljava/lang/Object;+18 java.base@19.0.2
j  java.awt.EventQueue.dispatchEvent(Ljava/awt/AWTEvent;)V+46 java.desktop@19.0.2
j  java.awt.EventDispatchThread.pumpOneEventForFilters(I)V+81 java.desktop@19.0.2
j  java.awt.EventDispatchThread.pumpEventsForFilter(ILjava/awt/Conditional;Ljava/awt/EventFilter;)V+35 java.desktop@19.0.2
j  java.awt.EventDispatchThread.pumpEventsForHierarchy(ILjava/awt/Conditional;Ljava/awt/Component;)V+11 java.desktop@19.0.2
j  java.awt.EventDispatchThread.pumpEvents(ILjava/awt/Conditional;)V+4 java.desktop@19.0.2
j  java.awt.EventDispatchThread.pumpEvents(Ljava/awt/Conditional;)V+3 java.desktop@19.0.2
j  java.awt.EventDispatchThread.run()V+9 java.desktop@19.0.2
v  ~StubRoutines::call_stub 0x0000024b140e100e

---------------  P R O C E S S  ---------------

Threads class SMR info:
_java_thread_list=0x0000024b2cf46b80, length=20, elements={
0x0000024b289ec320, 0x0000024b289ed110, 0x0000024b289ee850, 0x0000024b289f29b0,
0x0000024b289fd9a0, 0x0000024b28a03e00, 0x0000024b28a0a4f0, 0x0000024b28a137d0,
0x0000024b28a04350, 0x0000024b28a1e340, 0x0000024b28a1e8c0, 0x0000024b2ccc1c30,
0x0000024b28a048a0, 0x0000024b28a05340, 0x0000024b2cfada70, 0x0000024b28a07320,
0x0000024b28a04df0, 0x0000024b28a05890, 0x0000024b28a06880, 0x0000024b28a05de0
}

Java Threads: ( => current thread )
  0x0000024b289ec320 JavaThread "Reference Handler" daemon [_thread_blocked, id=9408, stack(0x0000008d58b00000,0x0000008d58c00000)]
  0x0000024b289ed110 JavaThread "Finalizer" daemon [_thread_blocked, id=7576, stack(0x0000008d58c00000,0x0000008d58d00000)]
  0x0000024b289ee850 JavaThread "Signal Dispatcher" daemon [_thread_blocked, id=19764, stack(0x0000008d58d00000,0x0000008d58e00000)]
  0x0000024b289f29b0 JavaThread "Attach Listener" daemon [_thread_blocked, id=22936, stack(0x0000008d58e00000,0x0000008d58f00000)]
  0x0000024b289fd9a0 JavaThread "Service Thread" daemon [_thread_blocked, id=23284, stack(0x0000008d58f00000,0x0000008d59000000)]
  0x0000024b28a03e00 JavaThread "Monitor Deflation Thread" daemon [_thread_blocked, id=20744, stack(0x0000008d59000000,0x0000008d59100000)]
  0x0000024b28a0a4f0 JavaThread "C2 CompilerThread0" daemon [_thread_blocked, id=21812, stack(0x0000008d59100000,0x0000008d59200000)]
  0x0000024b28a137d0 JavaThread "C1 CompilerThread0" daemon [_thread_blocked, id=6392, stack(0x0000008d59200000,0x0000008d59300000)]
  0x0000024b28a04350 JavaThread "Sweeper thread" daemon [_thread_blocked, id=6836, stack(0x0000008d59300000,0x0000008d59400000)]
  0x0000024b28a1e340 JavaThread "C1 CompilerThread1" daemon [_thread_blocked, id=9800, stack(0x0000008d59400000,0x0000008d59500000)]
  0x0000024b28a1e8c0 JavaThread "C1 CompilerThread2" daemon [_thread_blocked, id=20468, stack(0x0000008d59500000,0x0000008d59600000)]
  0x0000024b2ccc1c30 JavaThread "C1 CompilerThread3" daemon [_thread_blocked, id=2312, stack(0x0000008d59600000,0x0000008d59700000)]
  0x0000024b28a048a0 JavaThread "Notification Thread" daemon [_thread_blocked, id=7684, stack(0x0000008d59700000,0x0000008d59800000)]
  0x0000024b28a05340 JavaThread "Common-Cleaner" daemon [_thread_blocked, id=6516, stack(0x0000008d59900000,0x0000008d59a00000)]
  0x0000024b2cfada70 JavaThread "C2 CompilerThread1" daemon [_thread_blocked, id=20576, stack(0x0000008d59a00000,0x0000008d59b00000)]
  0x0000024b28a07320 JavaThread "Java2D Disposer" daemon [_thread_blocked, id=17916, stack(0x0000008d59b00000,0x0000008d59c00000)]
  0x0000024b28a04df0 JavaThread "AWT-Shutdown" [_thread_blocked, id=12020, stack(0x0000008d59c00000,0x0000008d59d00000)]
  0x0000024b28a05890 JavaThread "AWT-Windows" daemon [_thread_in_native, id=9836, stack(0x0000008d59d00000,0x0000008d59e00000)]
=>0x0000024b28a06880 JavaThread "AWT-EventQueue-0" [_thread_in_vm, id=12488, stack(0x0000008d59e00000,0x0000008d59f00000)]
  0x0000024b28a05de0 JavaThread "DestroyJavaVM" [_thread_blocked, id=8060, stack(0x0000008d58400000,0x0000008d58500000)]

Other Threads:
  0x0000024b289d33f0 VMThread "VM Thread" [stack: 0x0000008d58a00000,0x0000008d58b00000] [id=1948]
  0x0000024b2cd14000 WatcherThread "VM Periodic Task Thread" [stack: 0x0000008d59800000,0x0000008d59900000] [id=17116]
  0x0000024b04da1ab0 WorkerThread "GC Thread#0" [stack: 0x0000008d58500000,0x0000008d58600000] [id=18020]
  0x0000024b04db2e60 ConcurrentGCThread "G1 Main Marker" [stack: 0x0000008d58600000,0x0000008d58700000] [id=19204]
  0x0000024b04db3890 WorkerThread "G1 Conc#0" [stack: 0x0000008d58700000,0x0000008d58800000] [id=17692]
  0x0000024b28891570 ConcurrentGCThread "G1 Refine#0" [stack: 0x0000008d58800000,0x0000008d58900000] [id=2156]
  0x0000024b288920b0 ConcurrentGCThread "G1 Service" [stack: 0x0000008d58900000,0x0000008d58a00000] [id=11752]

Threads with active compile tasks:

VM state: not at safepoint (normal execution)

VM Mutex/Monitor currently owned by a thread:  ([mutex/lock_event])
[0x0000024b04d28500] Metaspace_lock - owner thread: 0x0000024b28a06880

Heap address: 0x0000000704e00000, size: 4018 MB, Compressed Oops mode: Zero based, Oop shift amount: 3

CDS archive(s) mapped at: [0x0000000800000000-0x0000000800c40000-0x0000000800c40000), size 12845056, SharedBaseAddress: 0x0000000800000000, ArchiveRelocationMode: 0.
Compressed class space mapped at: 0x0000000801000000-0x0000000841000000, reserved size: 1073741824
Narrow klass base: 0x0000000800000000, Narrow klass shift: 0, Narrow klass range: 0x100000000

GC Precious Log:
 CardTable entry size: 512
 Card Set container configuration: InlinePtr #cards 4 size 8 Array Of Cards #cards 16 size 48 Howl #buckets 8 coarsen threshold 3686 Howl Bitmap #cards 512 size 80 coarsen threshold 460 Card regions per heap region 1 cards per card region 4096
 CPUs: 16 total, 16 available
 Memory: 16068M
 Large Page Support: Disabled
 NUMA Support: Disabled
 Compressed Oops: Enabled (Zero based)
 Heap Region Size: 2M
 Heap Min Capacity: 8M
 Heap Initial Capacity: 252M
 Heap Max Capacity: 4018M
 Pre-touch: Disabled
 Parallel Workers: 13
 Concurrent Workers: 3
 Concurrent Refinement Workers: 13
 Periodic GC: Disabled

Heap:
 garbage-first heap   total 258048K, used 4096K [0x0000000704e00000, 0x0000000800000000)
  region size 2048K, 4 young (8192K), 0 survivors (0K)
 Metaspace       used 2947K, committed 3072K, reserved 1114112K
  class space    used 275K, committed 320K, reserved 1048576K

Heap Regions: E=young(eden), S=young(survivor), O=old, HS=humongous(starts), HC=humongous(continues), CS=collection set, F=free, OA=open archive, CA=closed archive, TAMS=top-at-mark-start (previous, next)
|   0|0x0000000704e00000, 0x0000000704e00000, 0x0000000705000000|  0%| F|  |TAMS 0x0000000704e00000, 0x0000000704e00000| Untracked 
|   1|0x0000000705000000, 0x0000000705000000, 0x0000000705200000|  0%| F|  |TAMS 0x0000000705000000, 0x0000000705000000| Untracked 
|   2|0x0000000705200000, 0x0000000705200000, 0x0000000705400000|  0%| F|  |TAMS 0x0000000705200000, 0x0000000705200000| Untracked 
|   3|0x0000000705400000, 0x0000000705400000, 0x0000000705600000|  0%| F|  |TAMS 0x0000000705400000, 0x0000000705400000| Untracked 
|   4|0x0000000705600000, 0x0000000705600000, 0x0000000705800000|  0%| F|  |TAMS 0x0000000705600000, 0x0000000705600000| Untracked 
|   5|0x0000000705800000, 0x0000000705800000, 0x0000000705a00000|  0%| F|  |TAMS 0x0000000705800000, 0x0000000705800000| Untracked 
|   6|0x0000000705a00000, 0x0000000705a00000, 0x0000000705c00000|  0%| F|  |TAMS 0x0000000705a00000, 0x0000000705a00000| Untracked 
|   7|0x0000000705c00000, 0x0000000705c00000, 0x0000000705e00000|  0%| F|  |TAMS 0x0000000705c00000, 0x0000000705c00000| Untracked 
|   8|0x0000000705e00000, 0x0000000705e00000, 0x0000000706000000|  0%| F|  |TAMS 0x0000000705e00000, 0x0000000705e00000| Untracked 
|   9|0x0000000706000000, 0x0000000706000000, 0x0000000706200000|  0%| F|  |TAMS 0x0000000706000000, 0x0000000706000000| Untracked 
|  10|0x0000000706200000, 0x0000000706200000, 0x0000000706400000|  0%| F|  |TAMS 0x0000000706200000, 0x0000000706200000| Untracked 
|  11|0x0000000706400000, 0x0000000706400000, 0x0000000706600000|  0%| F|  |TAMS 0x0000000706400000, 0x0000000706400000| Untracked 
|  12|0x0000000706600000, 0x0000000706600000, 0x0000000706800000|  0%| F|  |TAMS 0x0000000706600000, 0x0000000706600000| Untracked 
|  13|0x0000000706800000, 0x0000000706800000, 0x0000000706a00000|  0%| F|  |TAMS 0x0000000706800000, 0x0000000706800000| Untracked 
|  14|0x0000000706a00000, 0x0000000706a00000, 0x0000000706c00000|  0%| F|  |TAMS 0x0000000706a00000, 0x0000000706a00000| Untracked 
|  15|0x0000000706c00000, 0x0000000706c00000, 0x0000000706e00000|  0%| F|  |TAMS 0x0000000706c00000, 0x0000000706c00000| Untracked 
|  16|0x0000000706e00000, 0x0000000706e00000, 0x0000000707000000|  0%| F|  |TAMS 0x0000000706e00000, 0x0000000706e00000| Untracked 
|  17|0x0000000707000000, 0x0000000707000000, 0x0000000707200000|  0%| F|  |TAMS 0x0000000707000000, 0x0000000707000000| Untracked 
|  18|0x0000000707200000, 0x0000000707200000, 0x0000000707400000|  0%| F|  |TAMS 0x0000000707200000, 0x0000000707200000| Untracked 
|  19|0x0000000707400000, 0x0000000707400000, 0x0000000707600000|  0%| F|  |TAMS 0x0000000707400000, 0x0000000707400000| Untracked 
|  20|0x0000000707600000, 0x0000000707600000, 0x0000000707800000|  0%| F|  |TAMS 0x0000000707600000, 0x0000000707600000| Untracked 
|  21|0x0000000707800000, 0x0000000707800000, 0x0000000707a00000|  0%| F|  |TAMS 0x0000000707800000, 0x0000000707800000| Untracked 
|  22|0x0000000707a00000, 0x0000000707a00000, 0x0000000707c00000|  0%| F|  |TAMS 0x0000000707a00000, 0x0000000707a00000| Untracked 
|  23|0x0000000707c00000, 0x0000000707c00000, 0x0000000707e00000|  0%| F|  |TAMS 0x0000000707c00000, 0x0000000707c00000| Untracked 
|  24|0x0000000707e00000, 0x0000000707e00000, 0x0000000708000000|  0%| F|  |TAMS 0x0000000707e00000, 0x0000000707e00000| Untracked 
|  25|0x0000000708000000, 0x0000000708000000, 0x0000000708200000|  0%| F|  |TAMS 0x0000000708000000, 0x0000000708000000| Untracked 
|  26|0x0000000708200000, 0x0000000708200000, 0x0000000708400000|  0%| F|  |TAMS 0x0000000708200000, 0x0000000708200000| Untracked 
|  27|0x0000000708400000, 0x0000000708400000, 0x0000000708600000|  0%| F|  |TAMS 0x0000000708400000, 0x0000000708400000| Untracked 
|  28|0x0000000708600000, 0x0000000708600000, 0x0000000708800000|  0%| F|  |TAMS 0x0000000708600000, 0x0000000708600000| Untracked 
|  29|0x0000000708800000, 0x0000000708800000, 0x0000000708a00000|  0%| F|  |TAMS 0x0000000708800000, 0x0000000708800000| Untracked 
|  30|0x0000000708a00000, 0x0000000708a00000, 0x0000000708c00000|  0%| F|  |TAMS 0x0000000708a00000, 0x0000000708a00000| Untracked 
|  31|0x0000000708c00000, 0x0000000708c00000, 0x0000000708e00000|  0%| F|  |TAMS 0x0000000708c00000, 0x0000000708c00000| Untracked 
|  32|0x0000000708e00000, 0x0000000708e00000, 0x0000000709000000|  0%| F|  |TAMS 0x0000000708e00000, 0x0000000708e00000| Untracked 
|  33|0x0000000709000000, 0x0000000709000000, 0x0000000709200000|  0%| F|  |TAMS 0x0000000709000000, 0x0000000709000000| Untracked 
|  34|0x0000000709200000, 0x0000000709200000, 0x0000000709400000|  0%| F|  |TAMS 0x0000000709200000, 0x0000000709200000| Untracked 
|  35|0x0000000709400000, 0x0000000709400000, 0x0000000709600000|  0%| F|  |TAMS 0x0000000709400000, 0x0000000709400000| Untracked 
|  36|0x0000000709600000, 0x0000000709600000, 0x0000000709800000|  0%| F|  |TAMS 0x0000000709600000, 0x0000000709600000| Untracked 
|  37|0x0000000709800000, 0x0000000709800000, 0x0000000709a00000|  0%| F|  |TAMS 0x0000000709800000, 0x0000000709800000| Untracked 
|  38|0x0000000709a00000, 0x0000000709a00000, 0x0000000709c00000|  0%| F|  |TAMS 0x0000000709a00000, 0x0000000709a00000| Untracked 
|  39|0x0000000709c00000, 0x0000000709c00000, 0x0000000709e00000|  0%| F|  |TAMS 0x0000000709c00000, 0x0000000709c00000| Untracked 
|  40|0x0000000709e00000, 0x0000000709e00000, 0x000000070a000000|  0%| F|  |TAMS 0x0000000709e00000, 0x0000000709e00000| Untracked 
|  41|0x000000070a000000, 0x000000070a000000, 0x000000070a200000|  0%| F|  |TAMS 0x000000070a000000, 0x000000070a000000| Untracked 
|  42|0x000000070a200000, 0x000000070a200000, 0x000000070a400000|  0%| F|  |TAMS 0x000000070a200000, 0x000000070a200000| Untracked 
|  43|0x000000070a400000, 0x000000070a400000, 0x000000070a600000|  0%| F|  |TAMS 0x000000070a400000, 0x000000070a400000| Untracked 
|  44|0x000000070a600000, 0x000000070a600000, 0x000000070a800000|  0%| F|  |TAMS 0x000000070a600000, 0x000000070a600000| Untracked 
|  45|0x000000070a800000, 0x000000070a800000, 0x000000070aa00000|  0%| F|  |TAMS 0x000000070a800000, 0x000000070a800000| Untracked 
|  46|0x000000070aa00000, 0x000000070aa00000, 0x000000070ac00000|  0%| F|  |TAMS 0x000000070aa00000, 0x000000070aa00000| Untracked 
|  47|0x000000070ac00000, 0x000000070ac00000, 0x000000070ae00000|  0%| F|  |TAMS 0x000000070ac00000, 0x000000070ac00000| Untracked 
|  48|0x000000070ae00000, 0x000000070ae00000, 0x000000070b000000|  0%| F|  |TAMS 0x000000070ae00000, 0x000000070ae00000| Untracked 
|  49|0x000000070b000000, 0x000000070b000000, 0x000000070b200000|  0%| F|  |TAMS 0x000000070b000000, 0x000000070b000000| Untracked 
|  50|0x000000070b200000, 0x000000070b200000, 0x000000070b400000|  0%| F|  |TAMS 0x000000070b200000, 0x000000070b200000| Untracked 
|  51|0x000000070b400000, 0x000000070b400000, 0x000000070b600000|  0%| F|  |TAMS 0x000000070b400000, 0x000000070b400000| Untracked 
|  52|0x000000070b600000, 0x000000070b600000, 0x000000070b800000|  0%| F|  |TAMS 0x000000070b600000, 0x000000070b600000| Untracked 
|  53|0x000000070b800000, 0x000000070b800000, 0x000000070ba00000|  0%| F|  |TAMS 0x000000070b800000, 0x000000070b800000| Untracked 
|  54|0x000000070ba00000, 0x000000070ba00000, 0x000000070bc00000|  0%| F|  |TAMS 0x000000070ba00000, 0x000000070ba00000| Untracked 
|  55|0x000000070bc00000, 0x000000070bc00000, 0x000000070be00000|  0%| F|  |TAMS 0x000000070bc00000, 0x000000070bc00000| Untracked 
|  56|0x000000070be00000, 0x000000070be00000, 0x000000070c000000|  0%| F|  |TAMS 0x000000070be00000, 0x000000070be00000| Untracked 
|  57|0x000000070c000000, 0x000000070c000000, 0x000000070c200000|  0%| F|  |TAMS 0x000000070c000000, 0x000000070c000000| Untracked 
|  58|0x000000070c200000, 0x000000070c200000, 0x000000070c400000|  0%| F|  |TAMS 0x000000070c200000, 0x000000070c200000| Untracked 
|  59|0x000000070c400000, 0x000000070c400000, 0x000000070c600000|  0%| F|  |TAMS 0x000000070c400000, 0x000000070c400000| Untracked 
|  60|0x000000070c600000, 0x000000070c600000, 0x000000070c800000|  0%| F|  |TAMS 0x000000070c600000, 0x000000070c600000| Untracked 
|  61|0x000000070c800000, 0x000000070c800000, 0x000000070ca00000|  0%| F|  |TAMS 0x000000070c800000, 0x000000070c800000| Untracked 
|  62|0x000000070ca00000, 0x000000070ca00000, 0x000000070cc00000|  0%| F|  |TAMS 0x000000070ca00000, 0x000000070ca00000| Untracked 
|  63|0x000000070cc00000, 0x000000070cc00000, 0x000000070ce00000|  0%| F|  |TAMS 0x000000070cc00000, 0x000000070cc00000| Untracked 
|  64|0x000000070ce00000, 0x000000070ce00000, 0x000000070d000000|  0%| F|  |TAMS 0x000000070ce00000, 0x000000070ce00000| Untracked 
|  65|0x000000070d000000, 0x000000070d000000, 0x000000070d200000|  0%| F|  |TAMS 0x000000070d000000, 0x000000070d000000| Untracked 
|  66|0x000000070d200000, 0x000000070d200000, 0x000000070d400000|  0%| F|  |TAMS 0x000000070d200000, 0x000000070d200000| Untracked 
|  67|0x000000070d400000, 0x000000070d400000, 0x000000070d600000|  0%| F|  |TAMS 0x000000070d400000, 0x000000070d400000| Untracked 
|  68|0x000000070d600000, 0x000000070d600000, 0x000000070d800000|  0%| F|  |TAMS 0x000000070d600000, 0x000000070d600000| Untracked 
|  69|0x000000070d800000, 0x000000070d800000, 0x000000070da00000|  0%| F|  |TAMS 0x000000070d800000, 0x000000070d800000| Untracked 
|  70|0x000000070da00000, 0x000000070da00000, 0x000000070dc00000|  0%| F|  |TAMS 0x000000070da00000, 0x000000070da00000| Untracked 
|  71|0x000000070dc00000, 0x000000070dc00000, 0x000000070de00000|  0%| F|  |TAMS 0x000000070dc00000, 0x000000070dc00000| Untracked 
|  72|0x000000070de00000, 0x000000070de00000, 0x000000070e000000|  0%| F|  |TAMS 0x000000070de00000, 0x000000070de00000| Untracked 
|  73|0x000000070e000000, 0x000000070e000000, 0x000000070e200000|  0%| F|  |TAMS 0x000000070e000000, 0x000000070e000000| Untracked 
|  74|0x000000070e200000, 0x000000070e200000, 0x000000070e400000|  0%| F|  |TAMS 0x000000070e200000, 0x000000070e200000| Untracked 
|  75|0x000000070e400000, 0x000000070e400000, 0x000000070e600000|  0%| F|  |TAMS 0x000000070e400000, 0x000000070e400000| Untracked 
|  76|0x000000070e600000, 0x000000070e600000, 0x000000070e800000|  0%| F|  |TAMS 0x000000070e600000, 0x000000070e600000| Untracked 
|  77|0x000000070e800000, 0x000000070e800000, 0x000000070ea00000|  0%| F|  |TAMS 0x000000070e800000, 0x000000070e800000| Untracked 
|  78|0x000000070ea00000, 0x000000070ea00000, 0x000000070ec00000|  0%| F|  |TAMS 0x000000070ea00000, 0x000000070ea00000| Untracked 
|  79|0x000000070ec00000, 0x000000070ec00000, 0x000000070ee00000|  0%| F|  |TAMS 0x000000070ec00000, 0x000000070ec00000| Untracked 
|  80|0x000000070ee00000, 0x000000070ee00000, 0x000000070f000000|  0%| F|  |TAMS 0x000000070ee00000, 0x000000070ee00000| Untracked 
|  81|0x000000070f000000, 0x000000070f000000, 0x000000070f200000|  0%| F|  |TAMS 0x000000070f000000, 0x000000070f000000| Untracked 
|  82|0x000000070f200000, 0x000000070f200000, 0x000000070f400000|  0%| F|  |TAMS 0x000000070f200000, 0x000000070f200000| Untracked 
|  83|0x000000070f400000, 0x000000070f400000, 0x000000070f600000|  0%| F|  |TAMS 0x000000070f400000, 0x000000070f400000| Untracked 
|  84|0x000000070f600000, 0x000000070f600000, 0x000000070f800000|  0%| F|  |TAMS 0x000000070f600000, 0x000000070f600000| Untracked 
|  85|0x000000070f800000, 0x000000070f800000, 0x000000070fa00000|  0%| F|  |TAMS 0x000000070f800000, 0x000000070f800000| Untracked 
|  86|0x000000070fa00000, 0x000000070fa00000, 0x000000070fc00000|  0%| F|  |TAMS 0x000000070fa00000, 0x000000070fa00000| Untracked 
|  87|0x000000070fc00000, 0x000000070fc00000, 0x000000070fe00000|  0%| F|  |TAMS 0x000000070fc00000, 0x000000070fc00000| Untracked 
|  88|0x000000070fe00000, 0x000000070fe00000, 0x0000000710000000|  0%| F|  |TAMS 0x000000070fe00000, 0x000000070fe00000| Untracked 
|  89|0x0000000710000000, 0x0000000710000000, 0x0000000710200000|  0%| F|  |TAMS 0x0000000710000000, 0x0000000710000000| Untracked 
|  90|0x0000000710200000, 0x0000000710200000, 0x0000000710400000|  0%| F|  |TAMS 0x0000000710200000, 0x0000000710200000| Untracked 
|  91|0x0000000710400000, 0x0000000710400000, 0x0000000710600000|  0%| F|  |TAMS 0x0000000710400000, 0x0000000710400000| Untracked 
|  92|0x0000000710600000, 0x0000000710600000, 0x0000000710800000|  0%| F|  |TAMS 0x0000000710600000, 0x0000000710600000| Untracked 
|  93|0x0000000710800000, 0x0000000710800000, 0x0000000710a00000|  0%| F|  |TAMS 0x0000000710800000, 0x0000000710800000| Untracked 
|  94|0x0000000710a00000, 0x0000000710a00000, 0x0000000710c00000|  0%| F|  |TAMS 0x0000000710a00000, 0x0000000710a00000| Untracked 
|  95|0x0000000710c00000, 0x0000000710c00000, 0x0000000710e00000|  0%| F|  |TAMS 0x0000000710c00000, 0x0000000710c00000| Untracked 
|  96|0x0000000710e00000, 0x0000000710e00000, 0x0000000711000000|  0%| F|  |TAMS 0x0000000710e00000, 0x0000000710e00000| Untracked 
|  97|0x0000000711000000, 0x0000000711000000, 0x0000000711200000|  0%| F|  |TAMS 0x0000000711000000, 0x0000000711000000| Untracked 
|  98|0x0000000711200000, 0x0000000711200000, 0x0000000711400000|  0%| F|  |TAMS 0x0000000711200000, 0x0000000711200000| Untracked 
|  99|0x0000000711400000, 0x0000000711400000, 0x0000000711600000|  0%| F|  |TAMS 0x0000000711400000, 0x0000000711400000| Untracked 
| 100|0x0000000711600000, 0x0000000711600000, 0x0000000711800000|  0%| F|  |TAMS 0x0000000711600000, 0x0000000711600000| Untracked 
| 101|0x0000000711800000, 0x0000000711800000, 0x0000000711a00000|  0%| F|  |TAMS 0x0000000711800000, 0x0000000711800000| Untracked 
| 102|0x0000000711a00000, 0x0000000711a00000, 0x0000000711c00000|  0%| F|  |TAMS 0x0000000711a00000, 0x0000000711a00000| Untracked 
| 103|0x0000000711c00000, 0x0000000711c00000, 0x0000000711e00000|  0%| F|  |TAMS 0x0000000711c00000, 0x0000000711c00000| Untracked 
| 104|0x0000000711e00000, 0x0000000711e00000, 0x0000000712000000|  0%| F|  |TAMS 0x0000000711e00000, 0x0000000711e00000| Untracked 
| 105|0x0000000712000000, 0x0000000712000000, 0x0000000712200000|  0%| F|  |TAMS 0x0000000712000000, 0x0000000712000000| Untracked 
| 106|0x0000000712200000, 0x0000000712200000, 0x0000000712400000|  0%| F|  |TAMS 0x0000000712200000, 0x0000000712200000| Untracked 
| 107|0x0000000712400000, 0x0000000712400000, 0x0000000712600000|  0%| F|  |TAMS 0x0000000712400000, 0x0000000712400000| Untracked 
| 108|0x0000000712600000, 0x0000000712600000, 0x0000000712800000|  0%| F|  |TAMS 0x0000000712600000, 0x0000000712600000| Untracked 
| 109|0x0000000712800000, 0x0000000712800000, 0x0000000712a00000|  0%| F|  |TAMS 0x0000000712800000, 0x0000000712800000| Untracked 
| 110|0x0000000712a00000, 0x0000000712a00000, 0x0000000712c00000|  0%| F|  |TAMS 0x0000000712a00000, 0x0000000712a00000| Untracked 
| 111|0x0000000712c00000, 0x0000000712c00000, 0x0000000712e00000|  0%| F|  |TAMS 0x0000000712c00000, 0x0000000712c00000| Untracked 
| 112|0x0000000712e00000, 0x0000000712e00000, 0x0000000713000000|  0%| F|  |TAMS 0x0000000712e00000, 0x0000000712e00000| Untracked 
| 113|0x0000000713000000, 0x0000000713000000, 0x0000000713200000|  0%| F|  |TAMS 0x0000000713000000, 0x0000000713000000| Untracked 
| 114|0x0000000713200000, 0x0000000713200000, 0x0000000713400000|  0%| F|  |TAMS 0x0000000713200000, 0x0000000713200000| Untracked 
| 115|0x0000000713400000, 0x0000000713400000, 0x0000000713600000|  0%| F|  |TAMS 0x0000000713400000, 0x0000000713400000| Untracked 
| 116|0x0000000713600000, 0x0000000713600000, 0x0000000713800000|  0%| F|  |TAMS 0x0000000713600000, 0x0000000713600000| Untracked 
| 117|0x0000000713800000, 0x0000000713800000, 0x0000000713a00000|  0%| F|  |TAMS 0x0000000713800000, 0x0000000713800000| Untracked 
| 118|0x0000000713a00000, 0x0000000713a00000, 0x0000000713c00000|  0%| F|  |TAMS 0x0000000713a00000, 0x0000000713a00000| Untracked 
| 119|0x0000000713c00000, 0x0000000713c00000, 0x0000000713e00000|  0%| F|  |TAMS 0x0000000713c00000, 0x0000000713c00000| Untracked 
| 120|0x0000000713e00000, 0x0000000713e00000, 0x0000000714000000|  0%| F|  |TAMS 0x0000000713e00000, 0x0000000713e00000| Untracked 
| 121|0x0000000714000000, 0x0000000714000000, 0x0000000714200000|  0%| F|  |TAMS 0x0000000714000000, 0x0000000714000000| Untracked 
| 122|0x0000000714200000, 0x0000000714400000, 0x0000000714400000|100%| E|  |TAMS 0x0000000714200000, 0x0000000714200000| Complete 
| 123|0x0000000714400000, 0x0000000714600000, 0x0000000714600000|100%| E|  |TAMS 0x0000000714400000, 0x0000000714400000| Complete 
| 124|0x0000000714600000, 0x0000000714800000, 0x0000000714800000|100%| E|CS|TAMS 0x0000000714600000, 0x0000000714600000| Complete 
| 125|0x0000000714800000, 0x0000000714a00000, 0x0000000714a00000|100%| E|CS|TAMS 0x0000000714800000, 0x0000000714800000| Complete 

Card table byte_map: [0x0000024b1ccf0000,0x0000024b1d4d0000] _byte_map_base: 0x0000024b194c9000

Marking Bits (Prev, Next): (CMBitMap*) 0x0000024b04da20e0, (CMBitMap*) 0x0000024b04da2120
 Prev Bits: [0x0000024b1dcb0000, 0x0000024b21b78000)
 Next Bits: [0x0000024b21b80000, 0x0000024b25a48000)

Polling page: 0x0000024b02ca0000

Metaspace:

Usage:
  Non-class:      2.61 MB used.
      Class:    275.35 KB used.
       Both:      2.88 MB used.

Virtual space:
  Non-class space:       64.00 MB reserved,       2.69 MB (  4%) committed,  1 nodes.
      Class space:        1.00 GB reserved,     320.00 KB ( <1%) committed,  1 nodes.
             Both:        1.06 GB reserved,       3.00 MB ( <1%) committed. 

Chunk freelists:
   Non-Class:  3.92 MB
       Class:  3.71 MB
        Both:  7.63 MB

MaxMetaspaceSize: unlimited
CompressedClassSpaceSize: 1.00 GB
Initial GC threshold: 21.00 MB
Current GC threshold: 21.00 MB
CDS: on
MetaspaceReclaimPolicy: balanced
 - commit_granule_bytes: 65536.
 - commit_granule_words: 8192.
 - virtual_space_node_default_size: 8388608.
 - enlarge_chunks_in_place: 1.
 - new_chunks_are_fully_committed: 0.
 - uncommit_free_chunks: 1.
 - use_allocation_guard: 0.


Internal statistics:

num_allocs_failed_limit: 0.
num_arena_births: 72.
num_arena_deaths: 0.
num_vsnodes_births: 2.
num_vsnodes_deaths: 0.
num_space_committed: 48.
num_space_uncommitted: 0.
num_chunks_returned_to_freelist: 0.
num_chunks_taken_from_freelist: 75.
num_chunk_merges: 0.
num_chunk_splits: 54.
num_chunks_enlarged: 35.
num_inconsistent_stats: 0.

CodeHeap 'non-profiled nmethods': size=119168Kb used=115Kb max_used=115Kb free=119052Kb
 bounds [0x0000024b14830000, 0x0000024b14aa0000, 0x0000024b1bc90000]
CodeHeap 'profiled nmethods': size=119104Kb used=479Kb max_used=479Kb free=118624Kb
 bounds [0x0000024b0cc90000, 0x0000024b0cf00000, 0x0000024b140e0000]
CodeHeap 'non-nmethods': size=7488Kb used=2959Kb max_used=2968Kb free=4528Kb
 bounds [0x0000024b140e0000, 0x0000024b143d0000, 0x0000024b14830000]
 total_blobs=850 nmethods=362 adapters=396
 compilation: enabled
              stopped_count=0, restarted_count=0
 full_count=0

Compilation events (20 events):
Event: 0.118 Thread 0x0000024b28a1e8c0  351       3       java.lang.Class::getPackageName (81 bytes)
Event: 0.118 Thread 0x0000024b28a1e8c0 nmethod 351 0x0000024b0cd04a10 code [0x0000024b0cd04ca0, 0x0000024b0cd05768]
Event: 0.118 Thread 0x0000024b28a1e8c0  354       3       java.lang.invoke.LambdaForm::uncustomize (57 bytes)
Event: 0.119 Thread 0x0000024b28a1e8c0 nmethod 354 0x0000024b0cd05b10 code [0x0000024b0cd05ce0, 0x0000024b0cd06008]
Event: 0.122 Thread 0x0000024b28a1e8c0  355       1       java.lang.Class::getModule (5 bytes)
Event: 0.122 Thread 0x0000024b28a1e8c0 nmethod 355 0x0000024b1484c190 code [0x0000024b1484c320, 0x0000024b1484c3f8]
Event: 0.123 Thread 0x0000024b28a137d0  356       3       java.lang.invoke.MemberName::getName (25 bytes)
Event: 0.123 Thread 0x0000024b28a1e340  357       3       java.lang.Class::getName (18 bytes)
Event: 0.123 Thread 0x0000024b2cfada70  358       4       java.lang.String::length (11 bytes)
Event: 0.123 Thread 0x0000024b28a1e340 nmethod 357 0x0000024b0cd06110 code [0x0000024b0cd062c0, 0x0000024b0cd06448]
Event: 0.123 Thread 0x0000024b28a137d0 nmethod 356 0x0000024b0cd06510 code [0x0000024b0cd066e0, 0x0000024b0cd06a88]
Event: 0.123 Thread 0x0000024b28a1e340  359       3       java.lang.invoke.MemberName::getInvocationType (56 bytes)
Event: 0.124 Thread 0x0000024b2cfada70 nmethod 358 0x0000024b1484c490 code [0x0000024b1484c620, 0x0000024b1484c6b8]
Event: 0.124 Thread 0x0000024b28a1e340 nmethod 359 0x0000024b0cd06b90 code [0x0000024b0cd06dc0, 0x0000024b0cd076e8]
Event: 0.124 Thread 0x0000024b2cfada70  360       4       java.util.Objects::requireNonNull (14 bytes)
Event: 0.124 Thread 0x0000024b2cfada70 nmethod 360 0x0000024b1484c790 code [0x0000024b1484c900, 0x0000024b1484c978]
Event: 0.125 Thread 0x0000024b2cfada70  361       4       java.lang.String::coder (15 bytes)
Event: 0.125 Thread 0x0000024b2cfada70 nmethod 361 0x0000024b1484ca90 code [0x0000024b1484cc00, 0x0000024b1484cc78]
Event: 0.128 Thread 0x0000024b28a137d0  362       3       java.lang.invoke.MethodType::erase (8 bytes)
Event: 0.128 Thread 0x0000024b28a137d0 nmethod 362 0x0000024b0cd07990 code [0x0000024b0cd07b20, 0x0000024b0cd07c58]

GC Heap History (0 events):
No events

Dll operation events (7 events):
Event: 0.004 Loaded shared library C:\Program Files\Java\jdk-19\bin\java.dll
Event: 0.010 Loaded shared library C:\Program Files\Java\jdk-19\bin\jsvml.dll
Event: 0.046 Loaded shared library C:\Program Files\Java\jdk-19\bin\jimage.dll
Event: 0.051 Loaded shared library C:\Program Files\Java\jdk-19\bin\awt.dll
Event: 0.076 Loaded shared library C:\Program Files\Java\jdk-19\bin\net.dll
Event: 0.077 Loaded shared library C:\Program Files\Java\jdk-19\bin\nio.dll
Event: 0.078 Loaded shared library C:\Program Files\Java\jdk-19\bin\zip.dll

Deoptimization events (20 events):
Event: 0.090 Thread 0x0000024b04d2d9f0 DEOPT PACKING pc=0x0000024b0cce378c sp=0x0000008d584fcc90
Event: 0.090 Thread 0x0000024b04d2d9f0 DEOPT UNPACKING pc=0x0000024b14147543 sp=0x0000008d584fc120 mode 0
Event: 0.090 Thread 0x0000024b04d2d9f0 DEOPT PACKING pc=0x0000024b0cce378c sp=0x0000008d584fcc90
Event: 0.090 Thread 0x0000024b04d2d9f0 DEOPT UNPACKING pc=0x0000024b14147543 sp=0x0000008d584fc120 mode 0
Event: 0.090 Thread 0x0000024b04d2d9f0 DEOPT PACKING pc=0x0000024b0cce378c sp=0x0000008d584fcc90
Event: 0.090 Thread 0x0000024b04d2d9f0 DEOPT UNPACKING pc=0x0000024b14147543 sp=0x0000008d584fc120 mode 0
Event: 0.090 Thread 0x0000024b04d2d9f0 DEOPT PACKING pc=0x0000024b0cce378c sp=0x0000008d584fcc90
Event: 0.090 Thread 0x0000024b04d2d9f0 DEOPT UNPACKING pc=0x0000024b14147543 sp=0x0000008d584fc120 mode 0
Event: 0.090 Thread 0x0000024b04d2d9f0 DEOPT PACKING pc=0x0000024b0cce378c sp=0x0000008d584fcc90
Event: 0.090 Thread 0x0000024b04d2d9f0 DEOPT UNPACKING pc=0x0000024b14147543 sp=0x0000008d584fc120 mode 0
Event: 0.090 Thread 0x0000024b04d2d9f0 DEOPT PACKING pc=0x0000024b0cce378c sp=0x0000008d584fcc90
Event: 0.090 Thread 0x0000024b04d2d9f0 DEOPT UNPACKING pc=0x0000024b14147543 sp=0x0000008d584fc120 mode 0
Event: 0.090 Thread 0x0000024b04d2d9f0 DEOPT PACKING pc=0x0000024b0cce378c sp=0x0000008d584fcc90
Event: 0.090 Thread 0x0000024b04d2d9f0 DEOPT UNPACKING pc=0x0000024b14147543 sp=0x0000008d584fc120 mode 0
Event: 0.090 Thread 0x0000024b04d2d9f0 DEOPT PACKING pc=0x0000024b0cce378c sp=0x0000008d584fcc90
Event: 0.090 Thread 0x0000024b04d2d9f0 DEOPT UNPACKING pc=0x0000024b14147543 sp=0x0000008d584fc120 mode 0
Event: 0.090 Thread 0x0000024b04d2d9f0 DEOPT PACKING pc=0x0000024b0cce378c sp=0x0000008d584fcc90
Event: 0.090 Thread 0x0000024b04d2d9f0 DEOPT UNPACKING pc=0x0000024b14147543 sp=0x0000008d584fc120 mode 0
Event: 0.090 Thread 0x0000024b04d2d9f0 DEOPT PACKING pc=0x0000024b0cce378c sp=0x0000008d584fcc90
Event: 0.090 Thread 0x0000024b04d2d9f0 DEOPT UNPACKING pc=0x0000024b14147543 sp=0x0000008d584fc120 mode 0

Classes loaded (20 events):
Event: 0.129 Loading class java/awt/FocusTraversalPolicy
Event: 0.129 Loading class java/awt/FocusTraversalPolicy done
Event: 0.129 Loading class java/awt/ContainerOrderFocusTraversalPolicy done
Event: 0.129 Loading class java/awt/DefaultFocusTraversalPolicy done
Event: 0.129 Loading class java/awt/AWTKeyStroke
Event: 0.129 Loading class java/awt/AWTKeyStroke done
Event: 0.129 Loading class sun/swing/SwingAccessor
Event: 0.129 Loading class sun/swing/SwingAccessor done
Event: 0.129 Loading class javax/swing/KeyStroke
Event: 0.129 Loading class javax/swing/KeyStroke done
Event: 0.129 Loading class javax/swing/KeyStroke$1
Event: 0.129 Loading class sun/swing/SwingAccessor$KeyStrokeAccessor
Event: 0.129 Loading class sun/swing/SwingAccessor$KeyStrokeAccessor done
Event: 0.129 Loading class javax/swing/KeyStroke$1 done
Event: 0.130 Loading class sun/awt/windows/WKeyboardFocusManagerPeer
Event: 0.130 Loading class sun/awt/KeyboardFocusManagerPeerImpl
Event: 0.130 Loading class java/awt/peer/KeyboardFocusManagerPeer
Event: 0.130 Loading class java/awt/peer/KeyboardFocusManagerPeer done
Event: 0.130 Loading class sun/awt/KeyboardFocusManagerPeerImpl done
Event: 0.130 Loading class sun/awt/windows/WKeyboardFocusManagerPeer done

Classes unloaded (0 events):
No events

Classes redefined (0 events):
No events

Internal exceptions (4 events):
Event: 0.041 Thread 0x0000024b04d2d9f0 Exception <a 'java/lang/ClassNotFoundException'{0x000000071498a128}: sun/awt/resources/spi/awtProvider> (0x000000071498a128) 
thrown [s\open\src\hotspot\share\classfile\systemDictionary.cpp, line 255]
Event: 0.063 Thread 0x0000024b04d2d9f0 Exception <a 'java/io/FileNotFoundException'{0x00000007147ede58}> (0x00000007147ede58) 
thrown [s\open\src\hotspot\share\prims\jni.cpp, line 517]
Event: 0.070 Thread 0x0000024b04d2d9f0 Exception <a 'java/io/FileNotFoundException'{0x000000071441a8a8}> (0x000000071441a8a8) 
thrown [s\open\src\hotspot\share\prims\jni.cpp, line 517]
Event: 0.108 Thread 0x0000024b04d2d9f0 Exception <a 'java/lang/NoSuchMethodError'{0x000000071458fad0}: 'java.lang.Object java.lang.invoke.DirectMethodHandle$Holder.invokeStaticInit(java.lang.Object)'> (0x000000071458fad0) 
thrown [s\open\src\hotspot\share\interpreter\linkResolver.cpp, line 774]

VM Operations (2 events):
Event: 0.082 Executing VM operation: HandshakeAllThreads
Event: 0.082 Executing VM operation: HandshakeAllThreads done

Events (20 events):
Event: 0.017 Thread 0x0000024b289ed110 Thread added: 0x0000024b289ed110
Event: 0.018 Thread 0x0000024b289ee850 Thread added: 0x0000024b289ee850
Event: 0.018 Thread 0x0000024b289f29b0 Thread added: 0x0000024b289f29b0
Event: 0.018 Thread 0x0000024b289fd9a0 Thread added: 0x0000024b289fd9a0
Event: 0.018 Thread 0x0000024b28a03e00 Thread added: 0x0000024b28a03e00
Event: 0.018 Thread 0x0000024b28a0a4f0 Thread added: 0x0000024b28a0a4f0
Event: 0.018 Thread 0x0000024b28a137d0 Thread added: 0x0000024b28a137d0
Event: 0.018 Thread 0x0000024b28a04350 Thread added: 0x0000024b28a04350
Event: 0.022 Thread 0x0000024b28a1e340 Thread added: 0x0000024b28a1e340
Event: 0.022 Thread 0x0000024b28a1e8c0 Thread added: 0x0000024b28a1e8c0
Event: 0.022 Thread 0x0000024b2ccc1c30 Thread added: 0x0000024b2ccc1c30
Event: 0.030 Thread 0x0000024b28a048a0 Thread added: 0x0000024b28a048a0
Event: 0.034 Thread 0x0000024b28a05340 Thread added: 0x0000024b28a05340
Event: 0.088 Thread 0x0000024b2cfada70 Thread added: 0x0000024b2cfada70
Event: 0.109 Thread 0x0000024b28a07320 Thread added: 0x0000024b28a07320
Event: 0.110 Thread 0x0000024b28a04df0 Thread added: 0x0000024b28a04df0
Event: 0.111 Thread 0x0000024b28a05890 Thread added: 0x0000024b28a05890
Event: 0.119 Thread 0x0000024b28a06880 Thread added: 0x0000024b28a06880
Event: 0.119 Thread 0x0000024b04d2d9f0 Thread exited: 0x0000024b04d2d9f0
Event: 0.119 Thread 0x0000024b28a05de0 Thread added: 0x0000024b28a05de0


Dynamic libraries:
0x00007ff631e40000 - 0x00007ff631e50000 	C:\Program Files\Java\jdk-19\bin\javaw.exe
0x00007ffb360d0000 - 0x00007ffb362e7000 	C:\WINDOWS\SYSTEM32\ntdll.dll
0x00007ffb34a20000 - 0x00007ffb34ae4000 	C:\WINDOWS\System32\KERNEL32.DLL
0x00007ffb33460000 - 0x00007ffb33807000 	C:\WINDOWS\System32\KERNELBASE.dll
0x00007ffb33ce0000 - 0x00007ffb33df1000 	C:\WINDOWS\System32\ucrtbase.dll
0x00007ffb28240000 - 0x00007ffb28258000 	C:\Program Files\Java\jdk-19\bin\jli.dll
0x00007ffb248b0000 - 0x00007ffb248cb000 	C:\Program Files\Java\jdk-19\bin\VCRUNTIME140.dll
0x00007ffb33e00000 - 0x00007ffb33eb2000 	C:\WINDOWS\System32\ADVAPI32.dll
0x00007ffb344c0000 - 0x00007ffb34567000 	C:\WINDOWS\System32\msvcrt.dll
0x00007ffb33f40000 - 0x00007ffb33fe8000 	C:\WINDOWS\System32\sechost.dll
0x00007ffb33cb0000 - 0x00007ffb33cd8000 	C:\WINDOWS\System32\bcrypt.dll
0x00007ffb34670000 - 0x00007ffb34785000 	C:\WINDOWS\System32\RPCRT4.dll
0x00007ffb34af0000 - 0x00007ffb34c9e000 	C:\WINDOWS\System32\USER32.dll
0x00007ffb33980000 - 0x00007ffb339a6000 	C:\WINDOWS\System32\win32u.dll
0x00007ffb194b0000 - 0x00007ffb19743000 	C:\WINDOWS\WinSxS\amd64_microsoft.windows.common-controls_6595b64144ccf1df_6.0.22621.3527_none_270e469b73872a76\COMCTL32.dll
0x00007ffb35f60000 - 0x00007ffb35f89000 	C:\WINDOWS\System32\GDI32.dll
0x00007ffb33af0000 - 0x00007ffb33c09000 	C:\WINDOWS\System32\gdi32full.dll
0x00007ffb33c10000 - 0x00007ffb33caa000 	C:\WINDOWS\System32\msvcp_win.dll
0x00007ffb1fef0000 - 0x00007ffb1fefa000 	C:\WINDOWS\SYSTEM32\VERSION.dll
0x00007ffb33ec0000 - 0x00007ffb33ef1000 	C:\WINDOWS\System32\IMM32.DLL
0x00007ffb2b1d0000 - 0x00007ffb2b1dc000 	C:\Program Files\Java\jdk-19\bin\vcruntime140_1.dll
0x00007ffb174b0000 - 0x00007ffb1753e000 	C:\Program Files\Java\jdk-19\bin\msvcp140.dll
0x00007ffad9760000 - 0x00007ffada420000 	C:\Program Files\Java\jdk-19\bin\server\jvm.dll
0x00007ffb2dc00000 - 0x00007ffb2dc34000 	C:\WINDOWS\SYSTEM32\WINMM.dll
0x00007ffb02130000 - 0x00007ffb02139000 	C:\WINDOWS\SYSTEM32\WSOCK32.dll
0x00007ffb35ee0000 - 0x00007ffb35f51000 	C:\WINDOWS\System32\WS2_32.dll
0x00007ffb32440000 - 0x00007ffb32458000 	C:\WINDOWS\SYSTEM32\kernel.appcore.dll
0x00007ffb2b130000 - 0x00007ffb2b13a000 	C:\Program Files\Java\jdk-19\bin\jimage.dll
0x00007ffb30cc0000 - 0x00007ffb30ef2000 	C:\WINDOWS\SYSTEM32\DBGHELP.DLL
0x00007ffb34060000 - 0x00007ffb343e8000 	C:\WINDOWS\System32\combase.dll
0x00007ffb34790000 - 0x00007ffb34867000 	C:\WINDOWS\System32\OLEAUT32.dll
0x00007ffb2dbc0000 - 0x00007ffb2dbf2000 	C:\WINDOWS\SYSTEM32\dbgcore.DLL
0x00007ffb33a70000 - 0x00007ffb33ae9000 	C:\WINDOWS\System32\bcryptPrimitives.dll
0x00007ffb24800000 - 0x00007ffb24826000 	C:\Program Files\Java\jdk-19\bin\java.dll
0x00007ffb08750000 - 0x00007ffb08827000 	C:\Program Files\Java\jdk-19\bin\jsvml.dll
0x00007ffb35370000 - 0x00007ffb35bcc000 	C:\WINDOWS\System32\SHELL32.dll
0x00007ffb312f0000 - 0x00007ffb31be6000 	C:\WINDOWS\SYSTEM32\windows.storage.dll
0x00007ffb311b0000 - 0x00007ffb312ee000 	C:\WINDOWS\SYSTEM32\wintypes.dll
0x00007ffb34570000 - 0x00007ffb34665000 	C:\WINDOWS\System32\SHCORE.dll
0x00007ffb33ff0000 - 0x00007ffb3404e000 	C:\WINDOWS\System32\shlwapi.dll
0x00007ffb33320000 - 0x00007ffb33341000 	C:\WINDOWS\SYSTEM32\profapi.dll
0x00007ffb07f00000 - 0x00007ffb08091000 	C:\Program Files\Java\jdk-19\bin\awt.dll
0x00007ffb2d0e0000 - 0x00007ffb2d177000 	C:\WINDOWS\SYSTEM32\apphelp.dll
0x00007ffb225a0000 - 0x00007ffb225b3000 	C:\Program Files\Java\jdk-19\bin\net.dll
0x00007ffb298a0000 - 0x00007ffb299d6000 	C:\WINDOWS\SYSTEM32\WINHTTP.dll
0x00007ffb32970000 - 0x00007ffb329d9000 	C:\WINDOWS\system32\mswsock.dll
0x00007ffb1fb10000 - 0x00007ffb1fb26000 	C:\Program Files\Java\jdk-19\bin\nio.dll
0x00007ffb1f890000 - 0x00007ffb1f8a8000 	C:\Program Files\Java\jdk-19\bin\zip.dll
0x00007ffb2d450000 - 0x00007ffb2d4fb000 	C:\WINDOWS\system32\uxtheme.dll
0x00007ffb34cb0000 - 0x00007ffb34e03000 	C:\WINDOWS\System32\MSCTF.dll
0x00007ffb34870000 - 0x00007ffb34a15000 	C:\WINDOWS\System32\ole32.dll
0x00007ffb2d6e0000 - 0x00007ffb2d70b000 	C:\WINDOWS\system32\DWMAPI.DLL
0x00007ffb07e00000 - 0x00007ffb07f00000 	C:\WINDOWS\system32\opengl32.dll
0x00007ffb1b500000 - 0x00007ffb1b52d000 	C:\WINDOWS\SYSTEM32\GLU32.dll
0x00007ffb2d590000 - 0x00007ffb2d5c9000 	C:\WINDOWS\SYSTEM32\dxcore.dll

dbghelp: loaded successfully - version: 4.0.5 - missing functions: none
symbol engine: initialized successfully - sym options: 0x614 - pdb path: .;C:\Program Files\Java\jdk-19\bin;C:\WINDOWS\SYSTEM32;C:\WINDOWS\WinSxS\amd64_microsoft.windows.common-controls_6595b64144ccf1df_6.0.22621.3527_none_270e469b73872a76;C:\Program Files\Java\jdk-19\bin\server

VM Arguments:
jvm_args: -Dfile.encoding=UTF-8 -Dstdout.encoding=UTF-8 -Dstderr.encoding=UTF-8 -XX:+ShowCodeDetailsInExceptionMessages 
java_command: run.run
java_class_path (initial): E:\doAnJavaReal\bin;E:\doAnJavaReal\src\lib\activation-1.1.jar;E:\doAnJavaReal\src\lib\common-image-3.9.4.jar;E:\doAnJavaReal\src\lib\commons-codec-1.11.jar;E:\doAnJavaReal\src\lib\commons-collections4-4.2.jar;E:\doAnJavaReal\src\lib\commons-compress-1.18.jar;E:\doAnJavaReal\src\lib\javax.mail.jar;E:\doAnJavaReal\src\lib\ojdbc11.jar;E:\doAnJavaReal\src\lib\poi-4.0.1.jar;E:\doAnJavaReal\src\lib\poi-ooxml-4.0.1.jar;E:\doAnJavaReal\src\lib\poi-ooxml-schemas-4.0.1.jar;E:\doAnJavaReal\src\lib\xmlbeans-3.0.2.jar
Launcher Type: SUN_STANDARD

[Global flags]
     intx CICompilerCount                          = 12                                        {product} {ergonomic}
     uint ConcGCThreads                            = 3                                         {product} {ergonomic}
     uint G1ConcRefinementThreads                  = 13                                        {product} {ergonomic}
   size_t G1HeapRegionSize                         = 2097152                                   {product} {ergonomic}
    uintx GCDrainStackTargetSize                   = 64                                        {product} {ergonomic}
   size_t InitialHeapSize                          = 264241152                                 {product} {ergonomic}
   size_t MarkStackSize                            = 4194304                                   {product} {ergonomic}
   size_t MaxHeapSize                              = 4213178368                                {product} {ergonomic}
   size_t MaxNewSize                               = 2527068160                                {product} {ergonomic}
   size_t MinHeapDeltaBytes                        = 2097152                                   {product} {ergonomic}
   size_t MinHeapSize                              = 8388608                                   {product} {ergonomic}
    uintx NonNMethodCodeHeapSize                   = 7602480                                {pd product} {ergonomic}
    uintx NonProfiledCodeHeapSize                  = 122027880                              {pd product} {ergonomic}
    uintx ProfiledCodeHeapSize                     = 122027880                              {pd product} {ergonomic}
    uintx ReservedCodeCacheSize                    = 251658240                              {pd product} {ergonomic}
     bool SegmentedCodeCache                       = true                                      {product} {ergonomic}
     bool ShowCodeDetailsInExceptionMessages       = true                                   {manageable} {command line}
   size_t SoftMaxHeapSize                          = 4213178368                             {manageable} {ergonomic}
     bool UseCompressedClassPointers               = true                           {product lp64_product} {ergonomic}
     bool UseCompressedOops                        = true                           {product lp64_product} {ergonomic}
     bool UseG1GC                                  = true                                      {product} {ergonomic}
     bool UseLargePagesIndividualAllocation        = false                                  {pd product} {ergonomic}

Logging:
Log output configuration:
 #0: stdout all=warning uptime,level,tags foldmultilines=false
 #1: stderr all=off uptime,level,tags foldmultilines=false

Environment Variables:
PATH=C:\Program Files\Common Files\Oracle\Java\javapath;E:\hqtcsdl\bin;C:\Users\LINH\AppData\Local\Temp\709f4ad8-582e-4d57-8e22-b0299b778b23_WINDOWS.X64_213000_db_home.zip.b23\bin;C:\Windows\system32;C:\Windows;C:\Windows\System32\Wbem;C:\Windows\System32\WindowsPowerShell\v1.0\;C:\Windows\System32\OpenSSH\;C:\Program Files (x86)\NVIDIA Corporation\PhysX\Common;C:\WINDOWS\system32;C:\WINDOWS;C:\WINDOWS\System32\Wbem;C:\WINDOWS\System32\WindowsPowerShell\v1.0\;C:\WINDOWS\System32\OpenSSH\;C:\Program Files\dotnet\;C:\Program Files (x86)\Microsoft SQL Server\160\DTS\Binn\;C:\Program Files (x86)\Microsoft SQL Server\160\Tools\Binn\;C:\Program Files\Microsoft SQL Server\160\Tools\Binn\;C:\Program Files\Microsoft SQL Server\Client SDK\ODBC\170\Tools\Binn\;C:\Program Files\Microsoft SQL Server\160\DTS\Binn\;C:\Program Files\Git\cmd;C:\Users\LINH\AppData\Local\Programs\Python\Python311\Scripts\;C:\Users\LINH\AppData\Local\Programs\Python\Python311\;C:\MinGW\bin;C:\Users\LINH\AppData\Local\Microsoft\WindowsApps;C:\Users\LINH\AppData\Local\Programs\Microsoft VS Code\bin;C:\Program Files\Azure Data Studio\bin;C:\Program Files\JetBrains\IntelliJ IDEA 2024.1.1\bin;
USERNAME=LINH
OS=Windows_NT
PROCESSOR_IDENTIFIER=Intel64 Family 6 Model 154 Stepping 3, GenuineIntel
TMP=C:\Users\LINH\AppData\Local\Temp
TEMP=C:\Users\LINH\AppData\Local\Temp



---------------  S Y S T E M  ---------------

OS:
 Windows 11 , 64 bit Build 22621 (10.0.22621.3527)
OS uptime: 0 days 4:25 hours
Hyper-V role detected

CPU: total 16 (initial active 16) (8 cores per cpu, 2 threads per core) family 6 model 154 stepping 3 microcode 0x42a, cx8, cmov, fxsr, ht, mmx, 3dnowpref, sse, sse2, sse3, ssse3, sse4.1, sse4.2, popcnt, lzcnt, tsc, tscinvbit, avx, avx2, aes, erms, clmul, bmi1, bmi2, adx, sha, fma, vzeroupper, clflush, clflushopt, clwb, hv, serialize, rdtscp, rdpid, fsrm

Memory: 4k page, system-wide physical 16068M (3787M free)
TotalPageFile size 29611M (AvailPageFile size 5M)
current process WorkingSet (physical memory assigned to process): 45M, peak: 45M
current process commit charge ("private bytes"): 357M, peak: 357M

vm_info: Java HotSpot(TM) 64-Bit Server VM (19.0.2+7-44) for windows-amd64 JRE (19.0.2+7-44), built on 2022-11-30T18:02:09Z by "mach5one" with MS VC++ 17.1 (VS2022)

END.
