#
# There is insufficient memory for the Java Runtime Environment to continue.
# Native memory allocation (mmap) failed to map 264241152 bytes for G1 virtual space
# Possible reasons:
#   The system is out of physical RAM or swap space
#   The process is running with CompressedOops enabled, and the Java Heap may be blocking the growth of the native heap
# Possible solutions:
#   Reduce memory load on the system
#   Increase physical memory or swap space
#   Check if swap backing store is full
#   Decrease Java heap size (-Xmx/-Xms)
#   Decrease number of Java threads
#   Decrease Java thread stack sizes (-Xss)
#   Set larger code cache with -XX:ReservedCodeCacheSize=
#   JVM is running with Zero Based Compressed Oops mode in which the Java heap is
#     placed in the first 32GB address space. The Java Heap base address is the
#     maximum limit for the native heap growth. Please use -XX:HeapBaseMinAddress
#     to set the Java Heap base and to place the Java Heap above 32GB virtual address.
# This output file may be truncated or incomplete.
#
#  Out of Memory Error (os_windows.cpp:3536), pid=12416, tid=16888
#
# JRE version:  (19.0.2+7) (build )
# Java VM: Java HotSpot(TM) 64-Bit Server VM (19.0.2+7-44, mixed mode, sharing, tiered, compressed oops, compressed class ptrs, g1 gc, windows-amd64)
# No core dump will be written. Minidumps are not enabled by default on client versions of Windows
#

---------------  S U M M A R Y ------------

Command Line: -Dfile.encoding=UTF-8 -Dstdout.encoding=UTF-8 -Dstderr.encoding=UTF-8 -XX:+ShowCodeDetailsInExceptionMessages run.run

Host: 12th Gen Intel(R) Core(TM) i7-1260P, 16 cores, 15G,  Windows 11 , 64 bit Build 22621 (10.0.22621.3527)
Time: Tue May 28 22:46:14 2024 SE Asia Standard Time elapsed time: 0.007524 seconds (0d 0h 0m 0s)

---------------  T H R E A D  ---------------

Current thread (0x000001d0d522f6b0):  JavaThread "Unknown thread" [_thread_in_vm, id=16888, stack(0x000000ad73f00000,0x000000ad74000000)]

Stack: [0x000000ad73f00000,0x000000ad74000000]
Native frames: (J=compiled Java code, j=interpreted, Vv=VM code, C=native code)
V  [jvm.dll+0x6ee21a]
V  [jvm.dll+0x85765e]
V  [jvm.dll+0x85904e]
V  [jvm.dll+0x859703]
V  [jvm.dll+0x28298f]
V  [jvm.dll+0x6eb009]
V  [jvm.dll+0x6dfbaa]
V  [jvm.dll+0x3573f6]
V  [jvm.dll+0x35ee56]
V  [jvm.dll+0x3b541e]
V  [jvm.dll+0x3b564f]
V  [jvm.dll+0x32c9ea]
V  [jvm.dll+0x32d89e]
V  [jvm.dll+0x821780]
V  [jvm.dll+0x3c2661]
V  [jvm.dll+0x801f51]
V  [jvm.dll+0x44ae8f]
V  [jvm.dll+0x44c811]
C  [jli.dll+0x5287]
C  [ucrtbase.dll+0x29333]
C  [KERNEL32.DLL+0x1257d]
C  [ntdll.dll+0x5aa48]


---------------  P R O C E S S  ---------------

Threads class SMR info:
_java_thread_list=0x00007ffada2dd048, length=0, elements={
}

Java Threads: ( => current thread )

Other Threads:
  0x000001d0d52a1d20 WorkerThread "GC Thread#0" [stack: 0x000000ad74000000,0x000000ad74100000] [id=7056]
  0x000001d0d52b30d0 ConcurrentGCThread "G1 Main Marker" [stack: 0x000000ad74100000,0x000000ad74200000] [id=19028]
  0x000001d0d52b3b00 WorkerThread "G1 Conc#0" [stack: 0x000000ad74200000,0x000000ad74300000] [id=13616]

[error occurred during error reporting (printing all threads), id 0xc0000005, EXCEPTION_ACCESS_VIOLATION (0xc0000005) at pc=0x00007ffad9a9d427]

VM state: not at safepoint (not fully initialized)

VM Mutex/Monitor currently owned by a thread:  ([mutex/lock_event])
[0x000001d0d522dc90] Heap_lock - owner thread: 0x000001d0d522f6b0

Heap address: 0x0000000704e00000, size: 4018 MB, Compressed Oops mode: Zero based, Oop shift amount: 3

CDS archive(s) mapped at: [0x0000000000000000-0x0000000000000000-0x0000000000000000), size 0, SharedBaseAddress: 0x0000000800000000, ArchiveRelocationMode: 0.
Narrow klass base: 0x0000000000000000, Narrow klass shift: 0, Narrow klass range: 0x0

GC Precious Log:
 CardTable entry size: 512
 Card Set container configuration: InlinePtr #cards 4 size 8 Array Of Cards #cards 16 size 48 Howl #buckets 8 coarsen threshold 3686 Howl Bitmap #cards 512 size 80 coarsen threshold 460 Card regions per heap region 1 cards per card region 4096

Heap:
 garbage-first heap   total 0K, used 0K [0x0000000704e00000, 0x0000000800000000)
  region size 2048K, 0 young (0K), 0 survivors (0K)

[error occurred during error reporting (printing heap information), id 0xc0000005, EXCEPTION_ACCESS_VIOLATION (0xc0000005) at pc=0x00007ffad9ea6649]

GC Heap History (0 events):
No events

Dll operation events (1 events):
Event: 0.003 Loaded shared library C:\Program Files\Java\jdk-19\bin\java.dll

Deoptimization events (0 events):
No events

Classes loaded (0 events):
No events

Classes unloaded (0 events):
No events

Classes redefined (0 events):
No events

Internal exceptions (0 events):
No events

VM Operations (0 events):
No events

Events (0 events):
No events


Dynamic libraries:
0x00007ff631e40000 - 0x00007ff631e50000 	C:\Program Files\Java\jdk-19\bin\javaw.exe
0x00007ffb360d0000 - 0x00007ffb362e7000 	C:\WINDOWS\SYSTEM32\ntdll.dll
0x00007ffb34a20000 - 0x00007ffb34ae4000 	C:\WINDOWS\System32\KERNEL32.DLL
0x00007ffb33460000 - 0x00007ffb33807000 	C:\WINDOWS\System32\KERNELBASE.dll
0x00007ffb33ce0000 - 0x00007ffb33df1000 	C:\WINDOWS\System32\ucrtbase.dll
0x00007ffb28240000 - 0x00007ffb28258000 	C:\Program Files\Java\jdk-19\bin\jli.dll
0x00007ffb33e00000 - 0x00007ffb33eb2000 	C:\WINDOWS\System32\ADVAPI32.dll
0x00007ffb248b0000 - 0x00007ffb248cb000 	C:\Program Files\Java\jdk-19\bin\VCRUNTIME140.dll
0x00007ffb344c0000 - 0x00007ffb34567000 	C:\WINDOWS\System32\msvcrt.dll
0x00007ffb33f40000 - 0x00007ffb33fe8000 	C:\WINDOWS\System32\sechost.dll
0x00007ffb33cb0000 - 0x00007ffb33cd8000 	C:\WINDOWS\System32\bcrypt.dll
0x00007ffb34670000 - 0x00007ffb34785000 	C:\WINDOWS\System32\RPCRT4.dll
0x00007ffb34af0000 - 0x00007ffb34c9e000 	C:\WINDOWS\System32\USER32.dll
0x00007ffb33980000 - 0x00007ffb339a6000 	C:\WINDOWS\System32\win32u.dll
0x00007ffb194b0000 - 0x00007ffb19743000 	C:\WINDOWS\WinSxS\amd64_microsoft.windows.common-controls_6595b64144ccf1df_6.0.22621.3527_none_270e469b73872a76\COMCTL32.dll
0x00007ffb35f60000 - 0x00007ffb35f89000 	C:\WINDOWS\System32\GDI32.dll
0x00007ffb33af0000 - 0x00007ffb33c09000 	C:\WINDOWS\System32\gdi32full.dll
0x00007ffb33c10000 - 0x00007ffb33caa000 	C:\WINDOWS\System32\msvcp_win.dll
0x00007ffb1fef0000 - 0x00007ffb1fefa000 	C:\WINDOWS\SYSTEM32\VERSION.dll
0x00007ffb33ec0000 - 0x00007ffb33ef1000 	C:\WINDOWS\System32\IMM32.DLL
0x00007ffb2b1d0000 - 0x00007ffb2b1dc000 	C:\Program Files\Java\jdk-19\bin\vcruntime140_1.dll
0x00007ffb174b0000 - 0x00007ffb1753e000 	C:\Program Files\Java\jdk-19\bin\msvcp140.dll
0x00007ffad9760000 - 0x00007ffada420000 	C:\Program Files\Java\jdk-19\bin\server\jvm.dll
0x00007ffb02130000 - 0x00007ffb02139000 	C:\WINDOWS\SYSTEM32\WSOCK32.dll
0x00007ffb35ee0000 - 0x00007ffb35f51000 	C:\WINDOWS\System32\WS2_32.dll
0x00007ffb2dc00000 - 0x00007ffb2dc34000 	C:\WINDOWS\SYSTEM32\WINMM.dll
0x00007ffb32440000 - 0x00007ffb32458000 	C:\WINDOWS\SYSTEM32\kernel.appcore.dll
0x00007ffb2b130000 - 0x00007ffb2b13a000 	C:\Program Files\Java\jdk-19\bin\jimage.dll
0x00007ffb30cc0000 - 0x00007ffb30ef2000 	C:\WINDOWS\SYSTEM32\DBGHELP.DLL
0x00007ffb34060000 - 0x00007ffb343e8000 	C:\WINDOWS\System32\combase.dll
0x00007ffb34790000 - 0x00007ffb34867000 	C:\WINDOWS\System32\OLEAUT32.dll
0x00007ffb2dbc0000 - 0x00007ffb2dbf2000 	C:\WINDOWS\SYSTEM32\dbgcore.DLL
0x00007ffb33a70000 - 0x00007ffb33ae9000 	C:\WINDOWS\System32\bcryptPrimitives.dll
0x00007ffb24800000 - 0x00007ffb24826000 	C:\Program Files\Java\jdk-19\bin\java.dll

dbghelp: loaded successfully - version: 4.0.5 - missing functions: none
symbol engine: initialized successfully - sym options: 0x614 - pdb path: .;C:\Program Files\Java\jdk-19\bin;C:\WINDOWS\SYSTEM32;C:\WINDOWS\WinSxS\amd64_microsoft.windows.common-controls_6595b64144ccf1df_6.0.22621.3527_none_270e469b73872a76;C:\Program Files\Java\jdk-19\bin\server

VM Arguments:
jvm_args: -Dfile.encoding=UTF-8 -Dstdout.encoding=UTF-8 -Dstderr.encoding=UTF-8 -XX:+ShowCodeDetailsInExceptionMessages 
java_command: run.run
java_class_path (initial): E:\doAnJavaReal\bin;E:\doAnJavaReal\src\lib\activation-1.1.jar;E:\doAnJavaReal\src\lib\common-image-3.9.4.jar;E:\doAnJavaReal\src\lib\commons-codec-1.11.jar;E:\doAnJavaReal\src\lib\commons-collections4-4.2.jar;E:\doAnJavaReal\src\lib\commons-compress-1.18.jar;E:\doAnJavaReal\src\lib\javax.mail.jar;E:\doAnJavaReal\src\lib\ojdbc11.jar;E:\doAnJavaReal\src\lib\poi-4.0.1.jar;E:\doAnJavaReal\src\lib\poi-ooxml-4.0.1.jar;E:\doAnJavaReal\src\lib\poi-ooxml-schemas-4.0.1.jar;E:\doAnJavaReal\src\lib\xmlbeans-3.0.2.jar
Launcher Type: SUN_STANDARD

[Global flags]
     intx CICompilerCount                          = 12                                        {product} {ergonomic}
     uint ConcGCThreads                            = 3                                         {product} {ergonomic}
     uint G1ConcRefinementThreads                  = 13                                        {product} {ergonomic}
   size_t G1HeapRegionSize                         = 2097152                                   {product} {ergonomic}
    uintx GCDrainStackTargetSize                   = 64                                        {product} {ergonomic}
   size_t InitialHeapSize                          = 264241152                                 {product} {ergonomic}
   size_t MarkStackSize                            = 4194304                                   {product} {ergonomic}
   size_t MaxHeapSize                              = 4213178368                                {product} {ergonomic}
   size_t MinHeapDeltaBytes                        = 2097152                                   {product} {ergonomic}
   size_t MinHeapSize                              = 8388608                                   {product} {ergonomic}
    uintx NonNMethodCodeHeapSize                   = 7602480                                {pd product} {ergonomic}
    uintx NonProfiledCodeHeapSize                  = 122027880                              {pd product} {ergonomic}
    uintx ProfiledCodeHeapSize                     = 122027880                              {pd product} {ergonomic}
    uintx ReservedCodeCacheSize                    = 251658240                              {pd product} {ergonomic}
     bool SegmentedCodeCache                       = true                                      {product} {ergonomic}
     bool ShowCodeDetailsInExceptionMessages       = true                                   {manageable} {command line}
   size_t SoftMaxHeapSize                          = 4213178368                             {manageable} {ergonomic}
     bool UseCompressedClassPointers               = true                           {product lp64_product} {ergonomic}
     bool UseCompressedOops                        = true                           {product lp64_product} {ergonomic}
     bool UseG1GC                                  = true                                      {product} {ergonomic}
     bool UseLargePagesIndividualAllocation        = false                                  {pd product} {ergonomic}

Logging:
Log output configuration:
 #0: stdout all=warning uptime,level,tags foldmultilines=false
 #1: stderr all=off uptime,level,tags foldmultilines=false

Environment Variables:
PATH=C:\Program Files\Common Files\Oracle\Java\javapath;E:\hqtcsdl\bin;C:\Users\LINH\AppData\Local\Temp\709f4ad8-582e-4d57-8e22-b0299b778b23_WINDOWS.X64_213000_db_home.zip.b23\bin;C:\Windows\system32;C:\Windows;C:\Windows\System32\Wbem;C:\Windows\System32\WindowsPowerShell\v1.0\;C:\Windows\System32\OpenSSH\;C:\Program Files (x86)\NVIDIA Corporation\PhysX\Common;C:\WINDOWS\system32;C:\WINDOWS;C:\WINDOWS\System32\Wbem;C:\WINDOWS\System32\WindowsPowerShell\v1.0\;C:\WINDOWS\System32\OpenSSH\;C:\Program Files\dotnet\;C:\Program Files (x86)\Microsoft SQL Server\160\DTS\Binn\;C:\Program Files (x86)\Microsoft SQL Server\160\Tools\Binn\;C:\Program Files\Microsoft SQL Server\160\Tools\Binn\;C:\Program Files\Microsoft SQL Server\Client SDK\ODBC\170\Tools\Binn\;C:\Program Files\Microsoft SQL Server\160\DTS\Binn\;C:\Program Files\Git\cmd;C:\Users\LINH\AppData\Local\Programs\Python\Python311\Scripts\;C:\Users\LINH\AppData\Local\Programs\Python\Python311\;C:\MinGW\bin;C:\Users\LINH\AppData\Local\Microsoft\WindowsApps;C:\Users\LINH\AppData\Local\Programs\Microsoft VS Code\bin;C:\Program Files\Azure Data Studio\bin;C:\Program Files\JetBrains\IntelliJ IDEA 2024.1.1\bin;
USERNAME=LINH
OS=Windows_NT
PROCESSOR_IDENTIFIER=Intel64 Family 6 Model 154 Stepping 3, GenuineIntel
TMP=C:\Users\LINH\AppData\Local\Temp
TEMP=C:\Users\LINH\AppData\Local\Temp



---------------  S Y S T E M  ---------------

OS:
 Windows 11 , 64 bit Build 22621 (10.0.22621.3527)
OS uptime: 0 days 4:25 hours
Hyper-V role detected

CPU: total 16 (initial active 16) (8 cores per cpu, 2 threads per core) family 6 model 154 stepping 3 microcode 0x42a, cx8, cmov, fxsr, ht, mmx, 3dnowpref, sse, sse2, sse3, ssse3, sse4.1, sse4.2, popcnt, lzcnt, tsc, tscinvbit, avx, avx2, aes, erms, clmul, bmi1, bmi2, adx, sha, fma, vzeroupper, clflush, clflushopt, clwb, hv, serialize, rdtscp, rdpid, fsrm

Memory: 4k page, system-wide physical 16068M (3753M free)
TotalPageFile size 29611M (AvailPageFile size 220M)
current process WorkingSet (physical memory assigned to process): 11M, peak: 11M
current process commit charge ("private bytes"): 71M, peak: 323M

vm_info: Java HotSpot(TM) 64-Bit Server VM (19.0.2+7-44) for windows-amd64 JRE (19.0.2+7-44), built on 2022-11-30T18:02:09Z by "mach5one" with MS VC++ 17.1 (VS2022)

END.
